<?xml version="1.0" encoding="UTF-8"?>
<testng-results ignored="0" total="1" passed="1" failed="0" skipped="0">
  <reporter-output>
  </reporter-output>
  <suite started-at="2025-03-28T13:47:59 CST" name="E-Commerce Test Suite" finished-at="2025-03-28T13:48:04 CST" duration-ms="4760">
    <groups>
    </groups>
    <test started-at="2025-03-28T13:47:59 CST" name="Login Test" finished-at="2025-03-28T13:48:04 CST" duration-ms="4760">
      <class name="WebTesting.loginTest">
        <test-method is-config="true" signature="beforeTest(org.testng.ITestContext)[pri:0, instance:WebTesting.loginTest@71e9ddb4]" started-at="2025-03-28T13:47:59 CST" name="beforeTest" finished-at="2025-03-28T13:47:59 CST" duration-ms="211" status="PASS">
          <params>
            <param index="0">
              <value>
                <![CDATA[org.testng.TestRunner@1a3e5f23]]>
              </value>
            </param>
          </params>
          <reporter-output>
          </reporter-output>
        </test-method> <!-- beforeTest -->
        <test-method is-config="true" signature="beforeMethod(org.testng.ITestContext)[pri:0, instance:WebTesting.loginTest@71e9ddb4]" started-at="2025-03-28T13:47:59 CST" name="beforeMethod" finished-at="2025-03-28T13:47:59 CST" duration-ms="1" status="PASS">
          <params>
            <param index="0">
              <value>
                <![CDATA[org.testng.TestRunner@1a3e5f23]]>
              </value>
            </param>
          </params>
          <reporter-output>
          </reporter-output>
        </test-method> <!-- beforeMethod -->
        <test-method signature="login()[pri:0, instance:WebTesting.loginTest@71e9ddb4]" started-at="2025-03-28T13:47:59 CST" name="login" finished-at="2025-03-28T13:48:03 CST" duration-ms="4133" status="PASS">
          <reporter-output>
          </reporter-output>
        </test-method> <!-- login -->
        <test-method is-config="true" signature="afterMethod()[pri:0, instance:WebTesting.loginTest@71e9ddb4]" started-at="2025-03-28T13:48:03 CST" name="afterMethod" finished-at="2025-03-28T13:48:04 CST" duration-ms="132" status="PASS">
          <reporter-output>
          </reporter-output>
        </test-method> <!-- afterMethod -->
        <test-method is-config="true" signature="afterTest()[pri:0, instance:WebTesting.loginTest@71e9ddb4]" started-at="2025-03-28T13:48:04 CST" name="afterTest" finished-at="2025-03-28T13:48:04 CST" duration-ms="248" status="PASS">
          <reporter-output>
          </reporter-output>
        </test-method> <!-- afterTest -->
      </class> <!-- WebTesting.loginTest -->
    </test> <!-- Login Test -->
  </suite> <!-- E-Commerce Test Suite -->
</testng-results>
